[INFO] Scanning for projects...
[INFO] 
[INFO] ---------------------< com.example:fitness-store >----------------------
[INFO] Building fitness-store 0.0.1-SNAPSHOT
[INFO]   from pom.xml
[INFO] --------------------------------[ jar ]---------------------------------
[INFO] 
[INFO] >>> spring-boot:3.2.1:run (default-cli) > test-compile @ fitness-store >>>
[INFO] 
[INFO] --- resources:3.3.1:resources (default-resources) @ fitness-store ---
[INFO] Copying 1 resource from src\main\resources to target\classes
[INFO] Copying 2 resources from src\main\resources to target\classes
[INFO] 
[INFO] --- compiler:3.11.0:compile (default-compile) @ fitness-store ---
[INFO] Nothing to compile - all classes are up to date
[INFO] 
[INFO] --- resources:3.3.1:testResources (default-testResources) @ fitness-store ---
[INFO] skip non existing resourceDirectory c:\Users\Lenovo\Documents\project-sowa\fitness-store\src\test\resources
[INFO] 
[INFO] --- compiler:3.11.0:testCompile (default-testCompile) @ fitness-store ---
[INFO] No sources to compile
[INFO] 
[INFO] <<< spring-boot:3.2.1:run (default-cli) < test-compile @ fitness-store <<<
[INFO] 
[INFO] 
[INFO] --- spring-boot:3.2.1:run (default-cli) @ fitness-store ---
[INFO] Attaching agents: []

  .   ____          _            __ _ _
 /\\ / ___'_ __ _ _(_)_ __  __ _ \ \ \ \
( ( )\___ | '_ | '_| | '_ \/ _` | \ \ \ \
 \\/  ___)| |_)| | | | | || (_| |  ) ) ) )
  '  |____| .__|_| |_|_| |_\__, | / / / /
 =========|_|==============|___/=/_/_/_/
 :: Spring Boot ::                (v3.2.1)

2026-03-09T07:31:46.962+05:30  INFO 32080 --- [           main] c.e.f.FitnessStoreApplication            : Starting FitnessStoreApplication using Java 23.0.1 with PID 32080 (C:\Users\Lenovo\Documents\project-sowa\fitness-store\target\classes started by Lenovo in c:\Users\Lenovo\Documents\project-sowa\fitness-store)
2026-03-09T07:31:46.964+05:30  INFO 32080 --- [           main] c.e.f.FitnessStoreApplication            : No active profile set, falling back to 1 default profile: "default"
2026-03-09T07:31:47.342+05:30  INFO 32080 --- [           main] .s.d.r.c.RepositoryConfigurationDelegate : Bootstrapping Spring Data JPA repositories in DEFAULT mode.
2026-03-09T07:31:47.373+05:30  INFO 32080 --- [           main] .s.d.r.c.RepositoryConfigurationDelegate : Finished Spring Data repository scanning in 25 ms. Found 1 JPA repository interface.
2026-03-09T07:31:47.674+05:30  INFO 32080 --- [           main] o.s.b.w.embedded.tomcat.TomcatWebServer  : Tomcat initialized with port 8080 (http)
2026-03-09T07:31:47.681+05:30  INFO 32080 --- [           main] o.apache.catalina.core.StandardService   : Starting service [Tomcat]
2026-03-09T07:31:47.681+05:30  INFO 32080 --- [           main] o.apache.catalina.core.StandardEngine    : Starting Servlet engine: [Apache Tomcat/10.1.17]
2026-03-09T07:31:47.717+05:30  INFO 32080 --- [           main] o.a.c.c.C.[Tomcat].[localhost].[/]       : Initializing Spring embedded WebApplicationContext
2026-03-09T07:31:47.718+05:30  INFO 32080 --- [           main] w.s.c.ServletWebServerApplicationContext : Root WebApplicationContext: initialization completed in 718 ms
2026-03-09T07:31:47.742+05:30  INFO 32080 --- [           main] com.zaxxer.hikari.HikariDataSource       : HikariPool-1 - Starting...
2026-03-09T07:31:47.852+05:30  INFO 32080 --- [           main] com.zaxxer.hikari.pool.HikariPool        : HikariPool-1 - Added connection conn0: url=jdbc:h2:mem:fitness_store user=SA
2026-03-09T07:31:47.853+05:30  INFO 32080 --- [           main] com.zaxxer.hikari.HikariDataSource       : HikariPool-1 - Start completed.
2026-03-09T07:31:47.861+05:30  INFO 32080 --- [           main] o.s.b.a.h2.H2ConsoleAutoConfiguration    : H2 console available at '/h2-console'. Database available at 'jdbc:h2:mem:fitness_store'
2026-03-09T07:31:47.901+05:30  WARN 32080 --- [           main] ConfigServletWebServerApplicationContext : Exception encountered during context initialization - cancelling refresh attempt: org.springframework.beans.factory.BeanCreationException: Error creating bean with name 'dataSourceScriptDatabaseInitializer' defined in class path resource [org/springframework/boot/autoconfigure/sql/init/DataSourceInitializationConfiguration.class]: Failed to execute SQL script statement #1 of file [C:\Users\Lenovo\Documents\project-sowa\fitness-store\target\classes\data.sql]: INSERT INTO products (name, brand, price, stock, image_url, description) VALUES ('Gold Standard 100% Whey', 'Optimum Nutrition', 59.99, 50, 'https://m.media-amazon.com/images/I/716uI8DkuWL._AC_SX679_.jpg', '24g of Whey Protein with Amino Acids for Muscle Recovery.'), ('Creatine Monohydrate', 'MuscleTech', 24.99, 100, 'https://m.media-amazon.com/images/I/61Z6c+v1d3L._AC_SX679_.jpg', 'Pure Creatine Monohydrate for Muscle Building and Strength.'), ('Mass Tech Extreme 2000', 'MuscleTech', 49.99, 30, 'https://m.media-amazon.com/images/I/81B9Lh0+c+L._AC_SX679_.jpg', 'High-Calorie Mass Gainer for Hardgainers.'), ('C4 Original Pre Workout', 'Cellucor', 29.99, 75, 'https://m.media-amazon.com/images/I/71+c+P2+aJL._AC_SX679_.jpg', 'Pre-Workout Powder for Energy, Strength, and Focus.'), ('Multivitamin For Men', 'One A Day', 15.99, 120, 'https://m.media-amazon.com/images/I/71y+P-9-VZL._AC_SX679_.jpg', 'Complete Multivitamin for Daily Health Support.')
2026-03-09T07:31:47.901+05:30  INFO 32080 --- [           main] com.zaxxer.hikari.HikariDataSource       : HikariPool-1 - Shutdown initiated...
2026-03-09T07:31:47.902+05:30  INFO 32080 --- [           main] com.zaxxer.hikari.HikariDataSource       : HikariPool-1 - Shutdown completed.
2026-03-09T07:31:47.903+05:30  INFO 32080 --- [           main] o.apache.catalina.core.StandardService   : Stopping service [Tomcat]
2026-03-09T07:31:47.909+05:30  INFO 32080 --- [           main] .s.b.a.l.ConditionEvaluationReportLogger : 

Error starting ApplicationContext. To display the condition evaluation report re-run your application with 'debug' enabled.
2026-03-09T07:31:47.919+05:30 ERROR 32080 --- [           main] o.s.boot.SpringApplication               : Application run failed

org.springframework.beans.factory.BeanCreationException: Error creating bean with name 'dataSourceScriptDatabaseInitializer' defined in class path resource [org/springframework/boot/autoconfigure/sql/init/DataSourceInitializationConfiguration.class]: Failed to execute SQL script statement #1 of file [C:\Users\Lenovo\Documents\project-sowa\fitness-store\target\classes\data.sql]: INSERT INTO products (name, brand, price, stock, image_url, description) VALUES ('Gold Standard 100% Whey', 'Optimum Nutrition', 59.99, 50, 'https://m.media-amazon.com/images/I/716uI8DkuWL._AC_SX679_.jpg', '24g of Whey Protein with Amino Acids for Muscle Recovery.'), ('Creatine Monohydrate', 'MuscleTech', 24.99, 100, 'https://m.media-amazon.com/images/I/61Z6c+v1d3L._AC_SX679_.jpg', 'Pure Creatine Monohydrate for Muscle Building and Strength.'), ('Mass Tech Extreme 2000', 'MuscleTech', 49.99, 30, 'https://m.media-amazon.com/images/I/81B9Lh0+c+L._AC_SX679_.jpg', 'High-Calorie Mass Gainer for Hardgainers.'), ('C4 Original Pre Workout', 'Cellucor', 29.99, 75, 'https://m.media-amazon.com/images/I/71+c+P2+aJL._AC_SX679_.jpg', 'Pre-Workout Powder for Energy, Strength, and Focus.'), ('Multivitamin For Men', 'One A Day', 15.99, 120, 'https://m.media-amazon.com/images/I/71y+P-9-VZL._AC_SX679_.jpg', 'Complete Multivitamin for Daily Health Support.')
	at org.springframework.beans.factory.support.AbstractAutowireCapableBeanFactory.initializeBean(AbstractAutowireCapableBeanFactory.java:1773) ~[spring-beans-6.1.2.jar:6.1.2]
	at org.springframework.beans.factory.support.AbstractAutowireCapableBeanFactory.doCreateBean(AbstractAutowireCapableBeanFactory.java:599) ~[spring-beans-6.1.2.jar:6.1.2]
	at org.springframework.beans.factory.support.AbstractAutowireCapableBeanFactory.createBean(AbstractAutowireCapableBeanFactory.java:521) ~[spring-beans-6.1.2.jar:6.1.2]
	at org.springframework.beans.factory.support.AbstractBeanFactory.lambda$doGetBean$0(AbstractBeanFactory.java:325) ~[spring-beans-6.1.2.jar:6.1.2]
	at org.springframework.beans.factory.support.DefaultSingletonBeanRegistry.getSingleton(DefaultSingletonBeanRegistry.java:234) ~[spring-beans-6.1.2.jar:6.1.2]
	at org.springframework.beans.factory.support.AbstractBeanFactory.doGetBean(AbstractBeanFactory.java:323) ~[spring-beans-6.1.2.jar:6.1.2]
	at org.springframework.beans.factory.support.AbstractBeanFactory.getBean(AbstractBeanFactory.java:199) ~[spring-beans-6.1.2.jar:6.1.2]
	at org.springframework.beans.factory.support.AbstractBeanFactory.doGetBean(AbstractBeanFactory.java:312) ~[spring-beans-6.1.2.jar:6.1.2]
	at org.springframework.beans.factory.support.AbstractBeanFactory.getBean(AbstractBeanFactory.java:199) ~[spring-beans-6.1.2.jar:6.1.2]
	at org.springframework.context.support.AbstractApplicationContext.getBean(AbstractApplicationContext.java:1232) ~[spring-context-6.1.2.jar:6.1.2]
	at org.springframework.context.support.AbstractApplicationContext.finishBeanFactoryInitialization(AbstractApplicationContext.java:950) ~[spring-context-6.1.2.jar:6.1.2]
	at org.springframework.context.support.AbstractApplicationContext.refresh(AbstractApplicationContext.java:625) ~[spring-context-6.1.2.jar:6.1.2]
	at org.springframework.boot.web.servlet.context.ServletWebServerApplicationContext.refresh(ServletWebServerApplicationContext.java:146) ~[spring-boot-3.2.1.jar:3.2.1]
	at org.springframework.boot.SpringApplication.refresh(SpringApplication.java:762) ~[spring-boot-3.2.1.jar:3.2.1]
	at org.springframework.boot.SpringApplication.refreshContext(SpringApplication.java:464) ~[spring-boot-3.2.1.jar:3.2.1]
	at org.springframework.boot.SpringApplication.run(SpringApplication.java:334) ~[spring-boot-3.2.1.jar:3.2.1]
	at org.springframework.boot.SpringApplication.run(SpringApplication.java:1358) ~[spring-boot-3.2.1.jar:3.2.1]
	at org.springframework.boot.SpringApplication.run(SpringApplication.java:1347) ~[spring-boot-3.2.1.jar:3.2.1]
	at com.example.fitnessstore.FitnessStoreApplication.main(FitnessStoreApplication.java:10) ~[classes/:na]
Caused by: org.springframework.jdbc.datasource.init.ScriptStatementFailedException: Failed to execute SQL script statement #1 of file [C:\Users\Lenovo\Documents\project-sowa\fitness-store\target\classes\data.sql]: INSERT INTO products (name, brand, price, stock, image_url, description) VALUES ('Gold Standard 100% Whey', 'Optimum Nutrition', 59.99, 50, 'https://m.media-amazon.com/images/I/716uI8DkuWL._AC_SX679_.jpg', '24g of Whey Protein with Amino Acids for Muscle Recovery.'), ('Creatine Monohydrate', 'MuscleTech', 24.99, 100, 'https://m.media-amazon.com/images/I/61Z6c+v1d3L._AC_SX679_.jpg', 'Pure Creatine Monohydrate for Muscle Building and Strength.'), ('Mass Tech Extreme 2000', 'MuscleTech', 49.99, 30, 'https://m.media-amazon.com/images/I/81B9Lh0+c+L._AC_SX679_.jpg', 'High-Calorie Mass Gainer for Hardgainers.'), ('C4 Original Pre Workout', 'Cellucor', 29.99, 75, 'https://m.media-amazon.com/images/I/71+c+P2+aJL._AC_SX679_.jpg', 'Pre-Workout Powder for Energy, Strength, and Focus.'), ('Multivitamin For Men', 'One A Day', 15.99, 120, 'https://m.media-amazon.com/images/I/71y+P-9-VZL._AC_SX679_.jpg', 'Complete Multivitamin for Daily Health Support.')
	at org.springframework.jdbc.datasource.init.ScriptUtils.executeSqlScript(ScriptUtils.java:282) ~[spring-jdbc-6.1.2.jar:6.1.2]
	at org.springframework.jdbc.datasource.init.ResourceDatabasePopulator.populate(ResourceDatabasePopulator.java:254) ~[spring-jdbc-6.1.2.jar:6.1.2]
	at org.springframework.jdbc.datasource.init.DatabasePopulatorUtils.execute(DatabasePopulatorUtils.java:54) ~[spring-jdbc-6.1.2.jar:6.1.2]
	at org.springframework.boot.jdbc.init.DataSourceScriptDatabaseInitializer.runScripts(DataSourceScriptDatabaseInitializer.java:87) ~[spring-boot-3.2.1.jar:3.2.1]
	at org.springframework.boot.sql.init.AbstractScriptDatabaseInitializer.runScripts(AbstractScriptDatabaseInitializer.java:146) ~[spring-boot-3.2.1.jar:3.2.1]
	at org.springframework.boot.sql.init.AbstractScriptDatabaseInitializer.applyScripts(AbstractScriptDatabaseInitializer.java:108) ~[spring-boot-3.2.1.jar:3.2.1]
	at org.springframework.boot.sql.init.AbstractScriptDatabaseInitializer.applyDataScripts(AbstractScriptDatabaseInitializer.java:102) ~[spring-boot-3.2.1.jar:3.2.1]
	at org.springframework.boot.sql.init.AbstractScriptDatabaseInitializer.initializeDatabase(AbstractScriptDatabaseInitializer.java:77) ~[spring-boot-3.2.1.jar:3.2.1]
	at org.springframework.boot.sql.init.AbstractScriptDatabaseInitializer.afterPropertiesSet(AbstractScriptDatabaseInitializer.java:66) ~[spring-boot-3.2.1.jar:3.2.1]
	at org.springframework.beans.factory.support.AbstractAutowireCapableBeanFactory.invokeInitMethods(AbstractAutowireCapableBeanFactory.java:1820) ~[spring-beans-6.1.2.jar:6.1.2]
	at org.springframework.beans.factory.support.AbstractAutowireCapableBeanFactory.initializeBean(AbstractAutowireCapableBeanFactory.java:1769) ~[spring-beans-6.1.2.jar:6.1.2]
	... 18 common frames omitted
Caused by: org.h2.jdbc.JdbcSQLSyntaxErrorException: Table "PRODUCTS" not found (this database is empty); SQL statement:
INSERT INTO products (name, brand, price, stock, image_url, description) VALUES ('Gold Standard 100% Whey', 'Optimum Nutrition', 59.99, 50, 'https://m.media-amazon.com/images/I/716uI8DkuWL._AC_SX679_.jpg', '24g of Whey Protein with Amino Acids for Muscle Recovery.'), ('Creatine Monohydrate', 'MuscleTech', 24.99, 100, 'https://m.media-amazon.com/images/I/61Z6c+v1d3L._AC_SX679_.jpg', 'Pure Creatine Monohydrate for Muscle Building and Strength.'), ('Mass Tech Extreme 2000', 'MuscleTech', 49.99, 30, 'https://m.media-amazon.com/images/I/81B9Lh0+c+L._AC_SX679_.jpg', 'High-Calorie Mass Gainer for Hardgainers.'), ('C4 Original Pre Workout', 'Cellucor', 29.99, 75, 'https://m.media-amazon.com/images/I/71+c+P2+aJL._AC_SX679_.jpg', 'Pre-Workout Powder for Energy, Strength, and Focus.'), ('Multivitamin For Men', 'One A Day', 15.99, 120, 'https://m.media-amazon.com/images/I/71y+P-9-VZL._AC_SX679_.jpg', 'Complete Multivitamin for Daily Health Support.') [42104-224]
	at org.h2.message.DbException.getJdbcSQLException(DbException.java:514) ~[h2-2.2.224.jar:2.2.224]
	at org.h2.message.DbException.getJdbcSQLException(DbException.java:489) ~[h2-2.2.224.jar:2.2.224]
	at org.h2.message.DbException.get(DbException.java:223) ~[h2-2.2.224.jar:2.2.224]
	at org.h2.message.DbException.get(DbException.java:199) ~[h2-2.2.224.jar:2.2.224]
	at org.h2.command.Parser.getTableOrViewNotFoundDbException(Parser.java:8051) ~[h2-2.2.224.jar:2.2.224]
	at org.h2.command.Parser.getTableOrViewNotFoundDbException(Parser.java:8035) ~[h2-2.2.224.jar:2.2.224]
	at org.h2.command.Parser.readTableOrView(Parser.java:8024) ~[h2-2.2.224.jar:2.2.224]
	at org.h2.command.Parser.readTableOrView(Parser.java:7990) ~[h2-2.2.224.jar:2.2.224]
	at org.h2.command.Parser.parseInsert(Parser.java:1540) ~[h2-2.2.224.jar:2.2.224]
	at org.h2.command.Parser.parsePrepared(Parser.java:719) ~[h2-2.2.224.jar:2.2.224]
	at org.h2.command.Parser.parse(Parser.java:592) ~[h2-2.2.224.jar:2.2.224]
	at org.h2.command.Parser.parse(Parser.java:564) ~[h2-2.2.224.jar:2.2.224]
	at org.h2.command.Parser.prepareCommand(Parser.java:483) ~[h2-2.2.224.jar:2.2.224]
	at org.h2.engine.SessionLocal.prepareLocal(SessionLocal.java:639) ~[h2-2.2.224.jar:2.2.224]
	at org.h2.engine.SessionLocal.prepareCommand(SessionLocal.java:559) ~[h2-2.2.224.jar:2.2.224]
	at org.h2.jdbc.JdbcConnection.prepareCommand(JdbcConnection.java:1166) ~[h2-2.2.224.jar:2.2.224]
	at org.h2.jdbc.JdbcStatement.executeInternal(JdbcStatement.java:245) ~[h2-2.2.224.jar:2.2.224]
	at org.h2.jdbc.JdbcStatement.execute(JdbcStatement.java:231) ~[h2-2.2.224.jar:2.2.224]
	at com.zaxxer.hikari.pool.ProxyStatement.execute(ProxyStatement.java:94) ~[HikariCP-5.0.1.jar:na]
	at com.zaxxer.hikari.pool.HikariProxyStatement.execute(HikariProxyStatement.java) ~[HikariCP-5.0.1.jar:na]
	at org.springframework.jdbc.datasource.init.ScriptUtils.executeSqlScript(ScriptUtils.java:261) ~[spring-jdbc-6.1.2.jar:6.1.2]
	... 28 common frames omitted

[INFO] ------------------------------------------------------------------------
[INFO] BUILD FAILURE
[INFO] ------------------------------------------------------------------------
[INFO] Total time:  2.839 s
[INFO] Finished at: 2026-03-09T07:31:47+05:30
[INFO] ------------------------------------------------------------------------
[ERROR] Failed to execute goal org.springframework.boot:spring-boot-maven-plugin:3.2.1:run (default-cli) on project fitness-store: Process terminated with exit code: 1 -> [Help 1]
[ERROR] 
[ERROR] To see the full stack trace of the errors, re-run Maven with the -e switch.
[ERROR] Re-run Maven using the -X switch to enable full debug logging.
[ERROR] 
[ERROR] For more information about the errors and possible solutions, please read the following articles:
[ERROR] [Help 1] http://cwiki.apache.org/confluence/display/MAVEN/MojoExecutionException
